<?xml version="1.0" encoding="UTF-8"?>
<!-- Generated by org.testng.reporters.JUnitReportReporter -->
<testsuite skipped="0" hostname="DESKTOP-9Q9V6HR" name="com.training.sanity.tests.DelReturnedPrdDetailsTests" tests="1" failures="0" timestamp="2020-08-25T16:01:08 CDT" time="15.623" errors="0">
  <testcase name="validateAdminAccess" time="15.623" classname="com.training.sanity.tests.DelReturnedPrdDetailsTests"/>
  <system-out/>
</testsuite> <!-- com.training.sanity.tests.DelReturnedPrdDetailsTests -->
