<?xml version="1.0" encoding="UTF-8"?>
<!-- Generated by org.testng.reporters.JUnitReportReporter -->
<testsuite skipped="0" hostname="DESKTOP-9Q9V6HR" name="com.training.sanity.tests.AddCartTests" tests="1" failures="0" timestamp="2020-08-25T16:03:16 CDT" time="39.164" errors="0">
  <testcase name="validateAddCartTest" time="39.164" classname="com.training.sanity.tests.AddCartTests"/>
  <system-out/>
</testsuite> <!-- com.training.sanity.tests.AddCartTests -->
