<?xml version="1.0" encoding="UTF-8"?>
<!-- Generated by org.testng.reporters.JUnitReportReporter -->
<testsuite skipped="0" hostname="DESKTOP-9Q9V6HR" name="com.training.sanity.tests.LoginTests" tests="1" failures="0" timestamp="2020-08-24T22:05:26 CDT" time="18.305" errors="0">
  <testcase name="validLoginTest" time="18.305" classname="com.training.sanity.tests.LoginTests"/>
  <system-out/>
</testsuite> <!-- com.training.sanity.tests.LoginTests -->
