<?xml version="1.0" encoding="UTF-8"?>
<!-- Generated by org.testng.reporters.JUnitReportReporter -->
<testsuite skipped="0" hostname="DESKTOP-9Q9V6HR" name="com.training.sanity.tests.ChangePassword" tests="1" failures="0" timestamp="2020-08-25T16:11:01 CDT" time="19.022" errors="0">
  <testcase name="validateChangePwdTest" time="19.022" classname="com.training.sanity.tests.ChangePassword"/>
  <system-out/>
</testsuite> <!-- com.training.sanity.tests.ChangePassword -->
